hands/build/intermediates/manifest_merge_blame_file/debug/manifest-merger-blame-debug-report.txt
1<?xml version="1.0" encoding="utf-8"?>
2<manifest xmlns:android="http://schemas.android.com/apk/res/android"
3    package="com.google.mediapipe.apps.hands"
4    android:versionCode="1"
5    android:versionName="1.0" >
6
7    <uses-sdk
7-->src/main/AndroidManifest.xml:6:3-9:40
8        android:minSdkVersion="21"
8-->src/main/AndroidManifest.xml:7:7-33
9        android:targetSdkVersion="31" />
9-->src/main/AndroidManifest.xml:8:7-36
10
11    <!-- For loading images from gallery -->
12    <uses-permission android:name="android.permission.READ_EXTERNAL_STORAGE" />
12-->src/main/AndroidManifest.xml:12:3-78
12-->src/main/AndroidManifest.xml:12:20-75
13    <!-- For using the camera -->
14    <uses-permission android:name="android.permission.CAMERA" />
14-->src/main/AndroidManifest.xml:14:3-63
14-->src/main/AndroidManifest.xml:14:20-60
15
16    <uses-feature android:name="android.hardware.camera" />
16-->src/main/AndroidManifest.xml:15:3-58
16-->src/main/AndroidManifest.xml:15:17-55
17    <!-- For logging solution events -->
18    <uses-permission android:name="android.permission.INTERNET" />
18-->src/main/AndroidManifest.xml:17:3-65
18-->src/main/AndroidManifest.xml:17:20-62
19    <uses-permission android:name="android.permission.ACCESS_NETWORK_STATE" />
19-->src/main/AndroidManifest.xml:18:3-77
19-->src/main/AndroidManifest.xml:18:20-74
20
21    <queries>
21-->[androidx.camera:camera-extensions:1.1.0-beta01] AndroidManifest.xml:24:5-28:15
22        <intent>
22-->[androidx.camera:camera-extensions:1.1.0-beta01] AndroidManifest.xml:25:9-27:18
23            <action android:name="androidx.camera.extensions.action.VENDOR_ACTION" />
23-->[androidx.camera:camera-extensions:1.1.0-beta01] AndroidManifest.xml:26:13-86
23-->[androidx.camera:camera-extensions:1.1.0-beta01] AndroidManifest.xml:26:21-83
24        </intent>
25    </queries>
26
27    <application
27-->src/main/AndroidManifest.xml:20:3-47:17
28        android:allowBackup="true"
28-->src/main/AndroidManifest.xml:21:7-33
29        android:appComponentFactory="androidx.core.app.CoreComponentFactory"
29-->[androidx.core:core:1.6.0] AndroidManifest.xml:24:18-86
30        android:debuggable="true"
31        android:icon="@mipmap/ic_launcher"
31-->src/main/AndroidManifest.xml:22:7-41
32        android:label="Kwik Capture"
32-->src/main/AndroidManifest.xml:23:7-35
33        android:roundIcon="@mipmap/ic_launcher_round"
33-->src/main/AndroidManifest.xml:24:7-52
34        android:supportsRtl="true"
34-->src/main/AndroidManifest.xml:25:7-33
35        android:testOnly="true"
36        android:theme="@style/AppTheme" >
36-->src/main/AndroidManifest.xml:26:7-38
37        <activity
37-->src/main/AndroidManifest.xml:28:5-37:16
38            android:name="com.google.mediapipe.examples.hands.MainActivity"
38-->src/main/AndroidManifest.xml:29:9-37
39            android:exported="true"
39-->src/main/AndroidManifest.xml:31:9-32
40            android:screenOrientation="fullSensor" >
40-->src/main/AndroidManifest.xml:30:9-47
41            <intent-filter>
41-->src/main/AndroidManifest.xml:32:7-36:23
42                <action android:name="android.intent.action.MAIN" />
42-->src/main/AndroidManifest.xml:33:9-61
42-->src/main/AndroidManifest.xml:33:17-58
43
44                <category android:name="android.intent.category.LAUNCHER" />
44-->src/main/AndroidManifest.xml:35:9-69
44-->src/main/AndroidManifest.xml:35:19-66
45            </intent-filter>
46        </activity>
47        <activity
47-->src/main/AndroidManifest.xml:39:5-45:9
48            android:name="io.flutter.embedding.android.FlutterActivity"
48-->src/main/AndroidManifest.xml:40:9-68
49            android:configChanges="orientation|keyboardHidden|keyboard|screenSize|locale|layoutDirection|fontScale|screenLayout|density|uiMode"
49-->src/main/AndroidManifest.xml:42:9-140
50            android:hardwareAccelerated="true"
50-->src/main/AndroidManifest.xml:43:9-43
51            android:theme="@style/LaunchTheme"
51-->src/main/AndroidManifest.xml:41:9-43
52            android:windowSoftInputMode="adjustResize" />
52-->src/main/AndroidManifest.xml:44:9-51
53
54        <uses-library
54-->[androidx.camera:camera-extensions:1.1.0-beta01] AndroidManifest.xml:31:9-33:40
55            android:name="androidx.camera.extensions.impl"
55-->[androidx.camera:camera-extensions:1.1.0-beta01] AndroidManifest.xml:32:13-59
56            android:required="false" />
56-->[androidx.camera:camera-extensions:1.1.0-beta01] AndroidManifest.xml:33:13-37
57
58        <service
58-->[androidx.camera:camera-camera2:1.1.0-beta01] AndroidManifest.xml:26:9-35:19
59            android:name="androidx.camera.core.impl.MetadataHolderService"
59-->[androidx.camera:camera-camera2:1.1.0-beta01] AndroidManifest.xml:27:13-75
60            android:enabled="false"
60-->[androidx.camera:camera-camera2:1.1.0-beta01] AndroidManifest.xml:28:13-36
61            android:exported="false" >
61-->[androidx.camera:camera-camera2:1.1.0-beta01] AndroidManifest.xml:29:13-37
62            <meta-data
62-->[androidx.camera:camera-camera2:1.1.0-beta01] AndroidManifest.xml:32:13-34:89
63                android:name="androidx.camera.core.impl.MetadataHolderService.DEFAULT_CONFIG_PROVIDER"
63-->[androidx.camera:camera-camera2:1.1.0-beta01] AndroidManifest.xml:33:17-103
64                android:value="androidx.camera.camera2.Camera2Config$DefaultProvider" />
64-->[androidx.camera:camera-camera2:1.1.0-beta01] AndroidManifest.xml:34:17-86
65        </service>
66
67        <meta-data
67-->[:flutter] AndroidManifest.xml:14:9-16:38
68            android:name="flutterProjectType"
68-->[:flutter] AndroidManifest.xml:15:13-46
69            android:value="module" />
69-->[:flutter] AndroidManifest.xml:16:13-35
70        <!--
71           Don't delete the meta-data below.
72           It is used by the Flutter tool to generate GeneratedPluginRegistrant.java
73        -->
74        <meta-data
74-->[:flutter] AndroidManifest.xml:21:9-23:33
75            android:name="flutterEmbedding"
75-->[:flutter] AndroidManifest.xml:22:13-44
76            android:value="2" />
76-->[:flutter] AndroidManifest.xml:23:13-30
77
78        <uses-library
78-->[androidx.window:window:1.0.0] AndroidManifest.xml:25:9-27:40
79            android:name="androidx.window.extensions"
79-->[androidx.window:window:1.0.0] AndroidManifest.xml:26:13-54
80            android:required="false" />
80-->[androidx.window:window:1.0.0] AndroidManifest.xml:27:13-37
81        <uses-library
81-->[androidx.window:window:1.0.0] AndroidManifest.xml:28:9-30:40
82            android:name="androidx.window.sidecar"
82-->[androidx.window:window:1.0.0] AndroidManifest.xml:29:13-51
83            android:required="false" />
83-->[androidx.window:window:1.0.0] AndroidManifest.xml:30:13-37
84
85        <service
85-->[com.google.android.datatransport:transport-backend-cct:3.1.0] AndroidManifest.xml:29:9-35:19
86            android:name="com.google.android.datatransport.runtime.backends.TransportBackendDiscovery"
86-->[com.google.android.datatransport:transport-backend-cct:3.1.0] AndroidManifest.xml:30:13-103
87            android:exported="false" >
87-->[com.google.android.datatransport:transport-backend-cct:3.1.0] AndroidManifest.xml:31:13-37
88            <meta-data
88-->[com.google.android.datatransport:transport-backend-cct:3.1.0] AndroidManifest.xml:32:13-34:39
89                android:name="backend:com.google.android.datatransport.cct.CctBackendFactory"
89-->[com.google.android.datatransport:transport-backend-cct:3.1.0] AndroidManifest.xml:33:17-94
90                android:value="cct" />
90-->[com.google.android.datatransport:transport-backend-cct:3.1.0] AndroidManifest.xml:34:17-36
91        </service>
92        <service
92-->[com.google.android.datatransport:transport-runtime:3.1.0] AndroidManifest.xml:26:9-30:19
93            android:name="com.google.android.datatransport.runtime.scheduling.jobscheduling.JobInfoSchedulerService"
93-->[com.google.android.datatransport:transport-runtime:3.1.0] AndroidManifest.xml:27:13-117
94            android:exported="false"
94-->[com.google.android.datatransport:transport-runtime:3.1.0] AndroidManifest.xml:28:13-37
95            android:permission="android.permission.BIND_JOB_SERVICE" >
95-->[com.google.android.datatransport:transport-runtime:3.1.0] AndroidManifest.xml:29:13-69
96        </service>
97
98        <receiver
98-->[com.google.android.datatransport:transport-runtime:3.1.0] AndroidManifest.xml:32:9-34:40
99            android:name="com.google.android.datatransport.runtime.scheduling.jobscheduling.AlarmManagerSchedulerBroadcastReceiver"
99-->[com.google.android.datatransport:transport-runtime:3.1.0] AndroidManifest.xml:33:13-132
100            android:exported="false" />
100-->[com.google.android.datatransport:transport-runtime:3.1.0] AndroidManifest.xml:34:13-37
101    </application>
102
103</manifest>